\BOOKMARK [0][-]{chapter.1}{Preface}{}% 1
\BOOKMARK [1][-]{section.1.1}{The GAP System}{chapter.1}% 2
\BOOKMARK [1][-]{section.1.2}{Authors and Maintainers}{chapter.1}% 3
\BOOKMARK [1][-]{section.1.3}{Acknowledgements}{chapter.1}% 4
\BOOKMARK [1][-]{section.1.4}{Copyright and License}{chapter.1}% 5
\BOOKMARK [1][-]{section.1.5}{Further Information about GAP}{chapter.1}% 6
\BOOKMARK [0][-]{chapter.2}{The Help System}{}% 7
\BOOKMARK [1][-]{section.2.1}{Invoking the Help}{chapter.2}% 8
\BOOKMARK [1][-]{section.2.2}{Browsing through the Sections}{chapter.2}% 9
\BOOKMARK [1][-]{section.2.3}{Changing the Help Viewer}{chapter.2}% 10
\BOOKMARK [1][-]{section.2.4}{The Pager Command}{chapter.2}% 11
\BOOKMARK [0][-]{chapter.3}{Running GAP}{}% 12
\BOOKMARK [1][-]{section.3.1}{Command Line Options}{chapter.3}% 13
\BOOKMARK [1][-]{section.3.2}{The gap.ini and gaprc files}{chapter.3}% 14
\BOOKMARK [1][-]{section.3.3}{Saving and Loading a Workspace}{chapter.3}% 15
\BOOKMARK [1][-]{section.3.4}{Testing for the System Architecture}{chapter.3}% 16
\BOOKMARK [1][-]{section.3.5}{Global Values that Control the GAP Session}{chapter.3}% 17
\BOOKMARK [1][-]{section.3.6}{Coloring the Prompt and Input}{chapter.3}% 18
\BOOKMARK [0][-]{chapter.4}{The Programming Language}{}% 19
\BOOKMARK [1][-]{section.4.1}{Language Overview}{chapter.4}% 20
\BOOKMARK [1][-]{section.4.2}{Lexical Structure}{chapter.4}% 21
\BOOKMARK [1][-]{section.4.3}{Symbols}{chapter.4}% 22
\BOOKMARK [1][-]{section.4.4}{Whitespaces}{chapter.4}% 23
\BOOKMARK [1][-]{section.4.5}{Keywords}{chapter.4}% 24
\BOOKMARK [1][-]{section.4.6}{Identifiers}{chapter.4}% 25
\BOOKMARK [1][-]{section.4.7}{Expressions}{chapter.4}% 26
\BOOKMARK [1][-]{section.4.8}{Variables}{chapter.4}% 27
\BOOKMARK [1][-]{section.4.9}{More About Global Variables}{chapter.4}% 28
\BOOKMARK [1][-]{section.4.10}{Namespaces for GAP packages}{chapter.4}% 29
\BOOKMARK [1][-]{section.4.11}{Function Calls}{chapter.4}% 30
\BOOKMARK [1][-]{section.4.12}{Comparisons}{chapter.4}% 31
\BOOKMARK [1][-]{section.4.13}{Arithmetic Operators}{chapter.4}% 32
\BOOKMARK [1][-]{section.4.14}{Statements}{chapter.4}% 33
\BOOKMARK [1][-]{section.4.15}{Assignments}{chapter.4}% 34
\BOOKMARK [1][-]{section.4.16}{Procedure Calls}{chapter.4}% 35
\BOOKMARK [1][-]{section.4.17}{If}{chapter.4}% 36
\BOOKMARK [1][-]{section.4.18}{While}{chapter.4}% 37
\BOOKMARK [1][-]{section.4.19}{Repeat}{chapter.4}% 38
\BOOKMARK [1][-]{section.4.20}{For}{chapter.4}% 39
\BOOKMARK [1][-]{section.4.21}{Break}{chapter.4}% 40
\BOOKMARK [1][-]{section.4.22}{Continue}{chapter.4}% 41
\BOOKMARK [1][-]{section.4.23}{Function}{chapter.4}% 42
\BOOKMARK [1][-]{section.4.24}{Return \(With or without Value\)}{chapter.4}% 43
\BOOKMARK [0][-]{chapter.5}{Functions}{}% 44
\BOOKMARK [1][-]{section.5.1}{Information about a function}{chapter.5}% 45
\BOOKMARK [1][-]{section.5.2}{Calling a function with a list argument that is interpreted as several arguments}{chapter.5}% 46
\BOOKMARK [1][-]{section.5.3}{Calling a function with a time limit}{chapter.5}% 47
\BOOKMARK [1][-]{section.5.4}{Functions that do nothing}{chapter.5}% 48
\BOOKMARK [1][-]{section.5.5}{Function Types}{chapter.5}% 49
\BOOKMARK [1][-]{section.5.6}{Naming Conventions}{chapter.5}% 50
\BOOKMARK [0][-]{chapter.6}{Main Loop and Break Loop}{}% 51
\BOOKMARK [1][-]{section.6.1}{Main Loop}{chapter.6}% 52
\BOOKMARK [1][-]{section.6.2}{Special Rules for Input Lines}{chapter.6}% 53
\BOOKMARK [1][-]{section.6.3}{View and Print}{chapter.6}% 54
\BOOKMARK [1][-]{section.6.4}{Break Loops}{chapter.6}% 55
\BOOKMARK [1][-]{section.6.5}{Variable Access in a Break Loop}{chapter.6}% 56
\BOOKMARK [1][-]{section.6.6}{Error and ErrorCount}{chapter.6}% 57
\BOOKMARK [1][-]{section.6.7}{Leaving GAP}{chapter.6}% 58
\BOOKMARK [1][-]{section.6.8}{Line Editing}{chapter.6}% 59
\BOOKMARK [1][-]{section.6.9}{Editing using the readline library}{chapter.6}% 60
\BOOKMARK [1][-]{section.6.10}{Editing Files}{chapter.6}% 61
\BOOKMARK [1][-]{section.6.11}{Editor Support}{chapter.6}% 62
\BOOKMARK [1][-]{section.6.12}{Changing the Screen Size}{chapter.6}% 63
\BOOKMARK [1][-]{section.6.13}{Teaching Mode}{chapter.6}% 64
\BOOKMARK [0][-]{chapter.7}{Debugging and Profiling Facilities}{}% 65
\BOOKMARK [1][-]{section.7.1}{Recovery from NoMethodFound-Errors}{chapter.7}% 66
\BOOKMARK [1][-]{section.7.2}{Inspecting Applicable Methods}{chapter.7}% 67
\BOOKMARK [1][-]{section.7.3}{Tracing Methods}{chapter.7}% 68
\BOOKMARK [1][-]{section.7.4}{Info Functions}{chapter.7}% 69
\BOOKMARK [1][-]{section.7.5}{Assertions}{chapter.7}% 70
\BOOKMARK [1][-]{section.7.6}{Timing}{chapter.7}% 71
\BOOKMARK [1][-]{section.7.7}{Profiling}{chapter.7}% 72
\BOOKMARK [1][-]{section.7.8}{Information about the version used}{chapter.7}% 73
\BOOKMARK [1][-]{section.7.9}{Test Files}{chapter.7}% 74
\BOOKMARK [1][-]{section.7.10}{Debugging Recursion}{chapter.7}% 75
\BOOKMARK [1][-]{section.7.11}{Global Memory Information}{chapter.7}% 76
\BOOKMARK [0][-]{chapter.8}{Options Stack}{}% 77
\BOOKMARK [1][-]{section.8.1}{Functions Dealing with the Options Stack}{chapter.8}% 78
\BOOKMARK [1][-]{section.8.2}{Options Stack \205 an Example}{chapter.8}% 79
\BOOKMARK [0][-]{chapter.9}{Files and Filenames}{}% 80
\BOOKMARK [1][-]{section.9.1}{Portability}{chapter.9}% 81
\BOOKMARK [1][-]{section.9.2}{GAP Root Directories}{chapter.9}% 82
\BOOKMARK [1][-]{section.9.3}{Directories}{chapter.9}% 83
\BOOKMARK [1][-]{section.9.4}{File Names}{chapter.9}% 84
\BOOKMARK [1][-]{section.9.5}{Special Filenames}{chapter.9}% 85
\BOOKMARK [1][-]{section.9.6}{File Access}{chapter.9}% 86
\BOOKMARK [1][-]{section.9.7}{File Operations}{chapter.9}% 87
\BOOKMARK [0][-]{chapter.10}{Streams}{}% 88
\BOOKMARK [1][-]{section.10.1}{Categories for Streams and the StreamsFamily}{chapter.10}% 89
\BOOKMARK [1][-]{section.10.2}{Operations applicable to All Streams}{chapter.10}% 90
\BOOKMARK [1][-]{section.10.3}{Operations for Input Streams}{chapter.10}% 91
\BOOKMARK [1][-]{section.10.4}{Operations for Output Streams}{chapter.10}% 92
\BOOKMARK [1][-]{section.10.5}{File Streams}{chapter.10}% 93
\BOOKMARK [1][-]{section.10.6}{User Streams}{chapter.10}% 94
\BOOKMARK [1][-]{section.10.7}{String Streams}{chapter.10}% 95
\BOOKMARK [1][-]{section.10.8}{Input-Output Streams}{chapter.10}% 96
\BOOKMARK [1][-]{section.10.9}{Dummy Streams}{chapter.10}% 97
\BOOKMARK [1][-]{section.10.10}{Handling of Streams in the Background}{chapter.10}% 98
\BOOKMARK [1][-]{section.10.11}{Comma separated files}{chapter.10}% 99
\BOOKMARK [0][-]{chapter.11}{Processes}{}% 100
\BOOKMARK [1][-]{section.11.1}{Process and Exec}{chapter.11}% 101
\BOOKMARK [0][-]{chapter.12}{Objects and Elements}{}% 102
\BOOKMARK [1][-]{section.12.1}{Objects}{chapter.12}% 103
\BOOKMARK [1][-]{section.12.2}{Elements as equivalence classes}{chapter.12}% 104
\BOOKMARK [1][-]{section.12.3}{Sets}{chapter.12}% 105
\BOOKMARK [1][-]{section.12.4}{Domains}{chapter.12}% 106
\BOOKMARK [1][-]{section.12.5}{Identical Objects}{chapter.12}% 107
\BOOKMARK [1][-]{section.12.6}{Mutability and Copyability}{chapter.12}% 108
\BOOKMARK [1][-]{section.12.7}{Duplication of Objects}{chapter.12}% 109
\BOOKMARK [1][-]{section.12.8}{Other Operations Applicable to any Object}{chapter.12}% 110
\BOOKMARK [0][-]{chapter.13}{Types of Objects}{}% 111
\BOOKMARK [1][-]{section.13.1}{Families}{chapter.13}% 112
\BOOKMARK [1][-]{section.13.2}{Filters}{chapter.13}% 113
\BOOKMARK [1][-]{section.13.3}{Categories}{chapter.13}% 114
\BOOKMARK [1][-]{section.13.4}{Representation}{chapter.13}% 115
\BOOKMARK [1][-]{section.13.5}{Attributes}{chapter.13}% 116
\BOOKMARK [1][-]{section.13.6}{Setter and Tester for Attributes}{chapter.13}% 117
\BOOKMARK [1][-]{section.13.7}{Properties}{chapter.13}% 118
\BOOKMARK [1][-]{section.13.8}{Other Filters}{chapter.13}% 119
\BOOKMARK [1][-]{section.13.9}{Types}{chapter.13}% 120
\BOOKMARK [0][-]{chapter.14}{Integers}{}% 121
\BOOKMARK [1][-]{section.14.1}{Integers: Global Variables}{chapter.14}% 122
\BOOKMARK [1][-]{section.14.2}{Elementary Operations for Integers}{chapter.14}% 123
\BOOKMARK [1][-]{section.14.3}{Quotients and Remainders}{chapter.14}% 124
\BOOKMARK [1][-]{section.14.4}{Prime Integers and Factorization}{chapter.14}% 125
\BOOKMARK [1][-]{section.14.5}{Residue Class Rings}{chapter.14}% 126
\BOOKMARK [1][-]{section.14.6}{Check Digits}{chapter.14}% 127
\BOOKMARK [1][-]{section.14.7}{Random Sources}{chapter.14}% 128
\BOOKMARK [0][-]{chapter.15}{Number Theory}{}% 129
\BOOKMARK [1][-]{section.15.1}{InfoNumtheor \(Info Class\)}{chapter.15}% 130
\BOOKMARK [1][-]{section.15.2}{Prime Residues}{chapter.15}% 131
\BOOKMARK [1][-]{section.15.3}{Primitive Roots and Discrete Logarithms}{chapter.15}% 132
\BOOKMARK [1][-]{section.15.4}{Roots Modulo Integers}{chapter.15}% 133
\BOOKMARK [1][-]{section.15.5}{Multiplicative Arithmetic Functions}{chapter.15}% 134
\BOOKMARK [1][-]{section.15.6}{Continued Fractions}{chapter.15}% 135
\BOOKMARK [1][-]{section.15.7}{Miscellaneous}{chapter.15}% 136
\BOOKMARK [0][-]{chapter.16}{Combinatorics}{}% 137
\BOOKMARK [1][-]{section.16.1}{Combinatorial Numbers}{chapter.16}% 138
\BOOKMARK [1][-]{section.16.2}{Combinations, Arrangements and Tuples}{chapter.16}% 139
\BOOKMARK [1][-]{section.16.3}{Fibonacci and Lucas Sequences}{chapter.16}% 140
\BOOKMARK [1][-]{section.16.4}{Permanent of a Matrix}{chapter.16}% 141
\BOOKMARK [0][-]{chapter.17}{Rational Numbers}{}% 142
\BOOKMARK [1][-]{section.17.1}{Rationals: Global Variables}{chapter.17}% 143
\BOOKMARK [1][-]{section.17.2}{Elementary Operations for Rationals}{chapter.17}% 144
\BOOKMARK [0][-]{chapter.18}{Cyclotomic Numbers}{}% 145
\BOOKMARK [1][-]{section.18.1}{Operations for Cyclotomics}{chapter.18}% 146
\BOOKMARK [1][-]{section.18.2}{Infinity and negative Infinity}{chapter.18}% 147
\BOOKMARK [1][-]{section.18.3}{Comparisons of Cyclotomics}{chapter.18}% 148
\BOOKMARK [1][-]{section.18.4}{ATLAS Irrationalities}{chapter.18}% 149
\BOOKMARK [1][-]{section.18.5}{Galois Conjugacy of Cyclotomics}{chapter.18}% 150
\BOOKMARK [1][-]{section.18.6}{Internally Represented Cyclotomics}{chapter.18}% 151
\BOOKMARK [0][-]{chapter.19}{Floats}{}% 152
\BOOKMARK [1][-]{section.19.1}{A sample run}{chapter.19}% 153
\BOOKMARK [1][-]{section.19.2}{Methods}{chapter.19}% 154
\BOOKMARK [1][-]{section.19.3}{High-precision-specific methods}{chapter.19}% 155
\BOOKMARK [1][-]{section.19.4}{Complex arithmetic}{chapter.19}% 156
\BOOKMARK [1][-]{section.19.5}{Interval-specific methods}{chapter.19}% 157
\BOOKMARK [0][-]{chapter.20}{Booleans}{}% 158
\BOOKMARK [1][-]{section.20.1}{IsBool \(Filter\)}{chapter.20}% 159
\BOOKMARK [1][-]{section.20.2}{Fail \(Variable\)}{chapter.20}% 160
\BOOKMARK [1][-]{section.20.3}{Comparisons of Booleans}{chapter.20}% 161
\BOOKMARK [1][-]{section.20.4}{Operations for Booleans}{chapter.20}% 162
\BOOKMARK [0][-]{chapter.21}{Lists}{}% 163
\BOOKMARK [1][-]{section.21.1}{List Categories}{chapter.21}% 164
\BOOKMARK [1][-]{section.21.2}{Basic Operations for Lists}{chapter.21}% 165
\BOOKMARK [1][-]{section.21.3}{List Elements}{chapter.21}% 166
\BOOKMARK [1][-]{section.21.4}{List Assignment}{chapter.21}% 167
\BOOKMARK [1][-]{section.21.5}{IsBound and Unbind for Lists}{chapter.21}% 168
\BOOKMARK [1][-]{section.21.6}{Identical Lists}{chapter.21}% 169
\BOOKMARK [1][-]{section.21.7}{Duplication of Lists}{chapter.21}% 170
\BOOKMARK [1][-]{section.21.8}{Membership Test for Lists}{chapter.21}% 171
\BOOKMARK [1][-]{section.21.9}{Enlarging Internally Represented Lists}{chapter.21}% 172
\BOOKMARK [1][-]{section.21.10}{Comparisons of Lists}{chapter.21}% 173
\BOOKMARK [1][-]{section.21.11}{Arithmetic for Lists}{chapter.21}% 174
\BOOKMARK [1][-]{section.21.12}{Filters Controlling the Arithmetic Behaviour of Lists}{chapter.21}% 175
\BOOKMARK [1][-]{section.21.13}{Additive Arithmetic for Lists}{chapter.21}% 176
\BOOKMARK [1][-]{section.21.14}{Multiplicative Arithmetic for Lists}{chapter.21}% 177
\BOOKMARK [1][-]{section.21.15}{Mutability Status and List Arithmetic}{chapter.21}% 178
\BOOKMARK [1][-]{section.21.16}{Finding Positions in Lists}{chapter.21}% 179
\BOOKMARK [1][-]{section.21.17}{Properties and Attributes for Lists}{chapter.21}% 180
\BOOKMARK [1][-]{section.21.18}{Sorting Lists}{chapter.21}% 181
\BOOKMARK [1][-]{section.21.19}{Sorted Lists and Sets}{chapter.21}% 182
\BOOKMARK [1][-]{section.21.20}{Operations for Lists}{chapter.21}% 183
\BOOKMARK [1][-]{section.21.21}{Advanced List Manipulations}{chapter.21}% 184
\BOOKMARK [1][-]{section.21.22}{Ranges}{chapter.21}% 185
\BOOKMARK [1][-]{section.21.23}{Enumerators}{chapter.21}% 186
\BOOKMARK [0][-]{chapter.22}{Boolean Lists}{}% 187
\BOOKMARK [1][-]{section.22.1}{IsBlist \(Filter\)}{chapter.22}% 188
\BOOKMARK [1][-]{section.22.2}{Boolean Lists Representing Subsets}{chapter.22}% 189
\BOOKMARK [1][-]{section.22.3}{Set Operations via Boolean Lists}{chapter.22}% 190
\BOOKMARK [1][-]{section.22.4}{Function that Modify Boolean Lists}{chapter.22}% 191
\BOOKMARK [1][-]{section.22.5}{More about Boolean Lists}{chapter.22}% 192
\BOOKMARK [0][-]{chapter.23}{Row Vectors}{}% 193
\BOOKMARK [1][-]{section.23.1}{IsRowVector \(Filter\)}{chapter.23}% 194
\BOOKMARK [1][-]{section.23.2}{Operators for Row Vectors}{chapter.23}% 195
\BOOKMARK [1][-]{section.23.3}{Row Vectors over Finite Fields}{chapter.23}% 196
\BOOKMARK [1][-]{section.23.4}{Coefficient List Arithmetic}{chapter.23}% 197
\BOOKMARK [1][-]{section.23.5}{Shifting and Trimming Coefficient Lists}{chapter.23}% 198
\BOOKMARK [1][-]{section.23.6}{Functions for Coding Theory}{chapter.23}% 199
\BOOKMARK [1][-]{section.23.7}{Vectors as coefficients of polynomials}{chapter.23}% 200
\BOOKMARK [0][-]{chapter.24}{Matrices}{}% 201
\BOOKMARK [1][-]{section.24.1}{InfoMatrix \(Info Class\)}{chapter.24}% 202
\BOOKMARK [1][-]{section.24.2}{Categories of Matrices}{chapter.24}% 203
\BOOKMARK [1][-]{section.24.3}{Operators for Matrices}{chapter.24}% 204
\BOOKMARK [1][-]{section.24.4}{Properties and Attributes of Matrices}{chapter.24}% 205
\BOOKMARK [1][-]{section.24.5}{Matrix Constructions}{chapter.24}% 206
\BOOKMARK [1][-]{section.24.6}{Random Matrices}{chapter.24}% 207
\BOOKMARK [1][-]{section.24.7}{Matrices Representing Linear Equations and the Gaussian Algorithm}{chapter.24}% 208
\BOOKMARK [1][-]{section.24.8}{Eigenvectors and eigenvalues}{chapter.24}% 209
\BOOKMARK [1][-]{section.24.9}{Elementary Divisors}{chapter.24}% 210
\BOOKMARK [1][-]{section.24.10}{Echelonized Matrices}{chapter.24}% 211
\BOOKMARK [1][-]{section.24.11}{Matrices as Basis of a Row Space}{chapter.24}% 212
\BOOKMARK [1][-]{section.24.12}{Triangular Matrices}{chapter.24}% 213
\BOOKMARK [1][-]{section.24.13}{Matrices as Linear Mappings}{chapter.24}% 214
\BOOKMARK [1][-]{section.24.14}{Matrices over Finite Fields}{chapter.24}% 215
\BOOKMARK [1][-]{section.24.15}{Inverse and Nullspace of an Integer Matrix Modulo an Ideal}{chapter.24}% 216
\BOOKMARK [1][-]{section.24.16}{Special Multiplication Algorithms for Matrices over GF\(2\)}{chapter.24}% 217
\BOOKMARK [1][-]{section.24.17}{Block Matrices}{chapter.24}% 218
\BOOKMARK [0][-]{chapter.25}{Integral matrices and lattices}{}% 219
\BOOKMARK [1][-]{section.25.1}{Linear equations over the integers and Integral Matrices}{chapter.25}% 220
\BOOKMARK [1][-]{section.25.2}{Normal Forms over the Integers}{chapter.25}% 221
\BOOKMARK [1][-]{section.25.3}{Determinant of an integer matrix}{chapter.25}% 222
\BOOKMARK [1][-]{section.25.4}{Decompositions}{chapter.25}% 223
\BOOKMARK [1][-]{section.25.5}{Lattice Reduction}{chapter.25}% 224
\BOOKMARK [1][-]{section.25.6}{Orthogonal Embeddings}{chapter.25}% 225
\BOOKMARK [0][-]{chapter.26}{Vector and matrix objects}{}% 226
\BOOKMARK [1][-]{section.26.1}{Fundamental ideas and rules}{chapter.26}% 227
\BOOKMARK [1][-]{section.26.2}{Categories of vectors and matrices}{chapter.26}% 228
\BOOKMARK [1][-]{section.26.3}{Constructing vector and matrix objects}{chapter.26}% 229
\BOOKMARK [1][-]{section.26.4}{Operations for row vector objects}{chapter.26}% 230
\BOOKMARK [1][-]{section.26.5}{Operations for row list matrix objects}{chapter.26}% 231
\BOOKMARK [1][-]{section.26.6}{Operations for flat matrix objects}{chapter.26}% 232
\BOOKMARK [0][-]{chapter.27}{Strings and Characters}{}% 233
\BOOKMARK [1][-]{section.27.1}{IsChar and IsString}{chapter.27}% 234
\BOOKMARK [1][-]{section.27.2}{Special Characters}{chapter.27}% 235
\BOOKMARK [1][-]{section.27.3}{Triple Quoted Strings}{chapter.27}% 236
\BOOKMARK [1][-]{section.27.4}{Internally Represented Strings}{chapter.27}% 237
\BOOKMARK [1][-]{section.27.5}{Recognizing Characters}{chapter.27}% 238
\BOOKMARK [1][-]{section.27.6}{Comparisons of Strings}{chapter.27}% 239
\BOOKMARK [1][-]{section.27.7}{Operations to Produce or Manipulate Strings}{chapter.27}% 240
\BOOKMARK [1][-]{section.27.8}{Character Conversion}{chapter.27}% 241
\BOOKMARK [1][-]{section.27.9}{Operations to Evaluate Strings}{chapter.27}% 242
\BOOKMARK [1][-]{section.27.10}{Calendar Arithmetic}{chapter.27}% 243
\BOOKMARK [1][-]{section.27.11}{Obtaining LaTeX Representations of Objects}{chapter.27}% 244
\BOOKMARK [0][-]{chapter.28}{Dictionaries and General Hash Tables}{}% 245
\BOOKMARK [1][-]{section.28.1}{Using Dictionaries}{chapter.28}% 246
\BOOKMARK [1][-]{section.28.2}{Dictionaries}{chapter.28}% 247
\BOOKMARK [1][-]{section.28.3}{Dictionaries via Binary Lists}{chapter.28}% 248
\BOOKMARK [1][-]{section.28.4}{General Hash Tables}{chapter.28}% 249
\BOOKMARK [1][-]{section.28.5}{Hash keys}{chapter.28}% 250
\BOOKMARK [1][-]{section.28.6}{Dense hash tables}{chapter.28}% 251
\BOOKMARK [1][-]{section.28.7}{Sparse hash tables}{chapter.28}% 252
\BOOKMARK [0][-]{chapter.29}{Records}{}% 253
\BOOKMARK [1][-]{section.29.1}{IsRecord and RecNames}{chapter.29}% 254
\BOOKMARK [1][-]{section.29.2}{Accessing Record Elements}{chapter.29}% 255
\BOOKMARK [1][-]{section.29.3}{Record Assignment}{chapter.29}% 256
\BOOKMARK [1][-]{section.29.4}{Identical Records}{chapter.29}% 257
\BOOKMARK [1][-]{section.29.5}{Comparisons of Records}{chapter.29}% 258
\BOOKMARK [1][-]{section.29.6}{IsBound and Unbind for Records}{chapter.29}% 259
\BOOKMARK [1][-]{section.29.7}{Record Access Operations}{chapter.29}% 260
\BOOKMARK [0][-]{chapter.30}{Collections}{}% 261
\BOOKMARK [1][-]{section.30.1}{IsCollection \(Filter\)}{chapter.30}% 262
\BOOKMARK [1][-]{section.30.2}{Collection Families}{chapter.30}% 263
\BOOKMARK [1][-]{section.30.3}{Lists and Collections}{chapter.30}% 264
\BOOKMARK [1][-]{section.30.4}{Attributes and Properties for Collections}{chapter.30}% 265
\BOOKMARK [1][-]{section.30.5}{Operations for Collections}{chapter.30}% 266
\BOOKMARK [1][-]{section.30.6}{Membership Test for Collections}{chapter.30}% 267
\BOOKMARK [1][-]{section.30.7}{Random Elements}{chapter.30}% 268
\BOOKMARK [1][-]{section.30.8}{Iterators}{chapter.30}% 269
\BOOKMARK [0][-]{chapter.31}{Domains and their Elements}{}% 270
\BOOKMARK [1][-]{section.31.1}{Operational Structure of Domains}{chapter.31}% 271
\BOOKMARK [1][-]{section.31.2}{Equality and Comparison of Domains}{chapter.31}% 272
\BOOKMARK [1][-]{section.31.3}{Constructing Domains}{chapter.31}% 273
\BOOKMARK [1][-]{section.31.4}{Changing the Structure}{chapter.31}% 274
\BOOKMARK [1][-]{section.31.5}{Changing the Representation}{chapter.31}% 275
\BOOKMARK [1][-]{section.31.6}{Domain Categories}{chapter.31}% 276
\BOOKMARK [1][-]{section.31.7}{Parents}{chapter.31}% 277
\BOOKMARK [1][-]{section.31.8}{Constructing Subdomains}{chapter.31}% 278
\BOOKMARK [1][-]{section.31.9}{Operations for Domains}{chapter.31}% 279
\BOOKMARK [1][-]{section.31.10}{Attributes and Properties of Elements}{chapter.31}% 280
\BOOKMARK [1][-]{section.31.11}{Comparison Operations for Elements}{chapter.31}% 281
\BOOKMARK [1][-]{section.31.12}{Arithmetic Operations for Elements}{chapter.31}% 282
\BOOKMARK [1][-]{section.31.13}{Relations Between Domains}{chapter.31}% 283
\BOOKMARK [1][-]{section.31.14}{Useful Categories of Elements}{chapter.31}% 284
\BOOKMARK [1][-]{section.31.15}{Useful Categories for all Elements of a Family}{chapter.31}% 285
\BOOKMARK [0][-]{chapter.32}{Mappings}{}% 286
\BOOKMARK [1][-]{section.32.1}{IsDirectProductElement \(Filter\)}{chapter.32}% 287
\BOOKMARK [1][-]{section.32.2}{Creating Mappings}{chapter.32}% 288
\BOOKMARK [1][-]{section.32.3}{Properties and Attributes of \(General\) Mappings}{chapter.32}% 289
\BOOKMARK [1][-]{section.32.4}{Images under Mappings}{chapter.32}% 290
\BOOKMARK [1][-]{section.32.5}{Preimages under Mappings}{chapter.32}% 291
\BOOKMARK [1][-]{section.32.6}{Arithmetic Operations for General Mappings}{chapter.32}% 292
\BOOKMARK [1][-]{section.32.7}{Mappings which are Compatible with Algebraic Structures}{chapter.32}% 293
\BOOKMARK [1][-]{section.32.8}{Magma Homomorphisms}{chapter.32}% 294
\BOOKMARK [1][-]{section.32.9}{Mappings that Respect Multiplication}{chapter.32}% 295
\BOOKMARK [1][-]{section.32.10}{Mappings that Respect Addition}{chapter.32}% 296
\BOOKMARK [1][-]{section.32.11}{Linear Mappings}{chapter.32}% 297
\BOOKMARK [1][-]{section.32.12}{Ring Homomorphisms}{chapter.32}% 298
\BOOKMARK [1][-]{section.32.13}{General Mappings}{chapter.32}% 299
\BOOKMARK [1][-]{section.32.14}{Technical Matters Concerning General Mappings}{chapter.32}% 300
\BOOKMARK [0][-]{chapter.33}{Relations}{}% 301
\BOOKMARK [1][-]{section.33.1}{General Binary Relations}{chapter.33}% 302
\BOOKMARK [1][-]{section.33.2}{Properties and Attributes of Binary Relations}{chapter.33}% 303
\BOOKMARK [1][-]{section.33.3}{Binary Relations on Points}{chapter.33}% 304
\BOOKMARK [1][-]{section.33.4}{Closure Operations and Other Constructors}{chapter.33}% 305
\BOOKMARK [1][-]{section.33.5}{Equivalence Relations}{chapter.33}% 306
\BOOKMARK [1][-]{section.33.6}{Attributes of and Operations on Equivalence Relations}{chapter.33}% 307
\BOOKMARK [1][-]{section.33.7}{Equivalence Classes}{chapter.33}% 308
\BOOKMARK [0][-]{chapter.34}{Orderings}{}% 309
\BOOKMARK [1][-]{section.34.1}{IsOrdering \(Filter\)}{chapter.34}% 310
\BOOKMARK [1][-]{section.34.2}{Building new orderings}{chapter.34}% 311
\BOOKMARK [1][-]{section.34.3}{Properties and basic functionality}{chapter.34}% 312
\BOOKMARK [1][-]{section.34.4}{Orderings on families of associative words}{chapter.34}% 313
\BOOKMARK [0][-]{chapter.35}{Magmas}{}% 314
\BOOKMARK [1][-]{section.35.1}{Magma Categories}{chapter.35}% 315
\BOOKMARK [1][-]{section.35.2}{Magma Generation}{chapter.35}% 316
\BOOKMARK [1][-]{section.35.3}{Magmas Defined by Multiplication Tables}{chapter.35}% 317
\BOOKMARK [1][-]{section.35.4}{Attributes and Properties for Magmas}{chapter.35}% 318
\BOOKMARK [0][-]{chapter.36}{Words}{}% 319
\BOOKMARK [1][-]{section.36.1}{Categories of Words and Nonassociative Words}{chapter.36}% 320
\BOOKMARK [1][-]{section.36.2}{Comparison of Words}{chapter.36}% 321
\BOOKMARK [1][-]{section.36.3}{Operations for Words}{chapter.36}% 322
\BOOKMARK [1][-]{section.36.4}{Free Magmas}{chapter.36}% 323
\BOOKMARK [1][-]{section.36.5}{External Representation for Nonassociative Words}{chapter.36}% 324
\BOOKMARK [0][-]{chapter.37}{Associative Words}{}% 325
\BOOKMARK [1][-]{section.37.1}{Categories of Associative Words}{chapter.37}% 326
\BOOKMARK [1][-]{section.37.2}{Free Groups, Monoids and Semigroups}{chapter.37}% 327
\BOOKMARK [1][-]{section.37.3}{Comparison of Associative Words}{chapter.37}% 328
\BOOKMARK [1][-]{section.37.4}{Operations for Associative Words}{chapter.37}% 329
\BOOKMARK [1][-]{section.37.5}{Operations for Associative Words by their Syllables}{chapter.37}% 330
\BOOKMARK [1][-]{section.37.6}{Representations for Associative Words}{chapter.37}% 331
\BOOKMARK [1][-]{section.37.7}{The External Representation for Associative Words}{chapter.37}% 332
\BOOKMARK [1][-]{section.37.8}{Straight Line Programs}{chapter.37}% 333
\BOOKMARK [1][-]{section.37.9}{Straight Line Program Elements}{chapter.37}% 334
\BOOKMARK [0][-]{chapter.38}{Rewriting Systems}{}% 335
\BOOKMARK [1][-]{section.38.1}{Operations on rewriting systems}{chapter.38}% 336
\BOOKMARK [1][-]{section.38.2}{Operations on elements of the algebra}{chapter.38}% 337
\BOOKMARK [1][-]{section.38.3}{Properties of rewriting systems}{chapter.38}% 338
\BOOKMARK [1][-]{section.38.4}{Rewriting in Groups and Monoids}{chapter.38}% 339
\BOOKMARK [1][-]{section.38.5}{Developing rewriting systems}{chapter.38}% 340
\BOOKMARK [0][-]{chapter.39}{Groups}{}% 341
\BOOKMARK [1][-]{section.39.1}{Group Elements}{chapter.39}% 342
\BOOKMARK [1][-]{section.39.2}{Creating Groups}{chapter.39}% 343
\BOOKMARK [1][-]{section.39.3}{Subgroups}{chapter.39}% 344
\BOOKMARK [1][-]{section.39.4}{Closures of \(Sub\)groups}{chapter.39}% 345
\BOOKMARK [1][-]{section.39.5}{Expressing Group Elements as Words in Generators}{chapter.39}% 346
\BOOKMARK [1][-]{section.39.6}{Structure Descriptions}{chapter.39}% 347
\BOOKMARK [1][-]{section.39.7}{Cosets}{chapter.39}% 348
\BOOKMARK [1][-]{section.39.8}{Transversals}{chapter.39}% 349
\BOOKMARK [1][-]{section.39.9}{Double Cosets}{chapter.39}% 350
\BOOKMARK [1][-]{section.39.10}{Conjugacy Classes}{chapter.39}% 351
\BOOKMARK [1][-]{section.39.11}{Normal Structure}{chapter.39}% 352
\BOOKMARK [1][-]{section.39.12}{Specific and Parametrized Subgroups}{chapter.39}% 353
\BOOKMARK [1][-]{section.39.13}{Sylow Subgroups and Hall Subgroups}{chapter.39}% 354
\BOOKMARK [1][-]{section.39.14}{Subgroups characterized by prime powers}{chapter.39}% 355
\BOOKMARK [1][-]{section.39.15}{Group Properties}{chapter.39}% 356
\BOOKMARK [1][-]{section.39.16}{Numerical Group Attributes}{chapter.39}% 357
\BOOKMARK [1][-]{section.39.17}{Subgroup Series}{chapter.39}% 358
\BOOKMARK [1][-]{section.39.18}{Factor Groups}{chapter.39}% 359
\BOOKMARK [1][-]{section.39.19}{Sets of Subgroups}{chapter.39}% 360
\BOOKMARK [1][-]{section.39.20}{Subgroup Lattice}{chapter.39}% 361
\BOOKMARK [1][-]{section.39.21}{Specific Methods for Subgroup Lattice Computations}{chapter.39}% 362
\BOOKMARK [1][-]{section.39.22}{Special Generating Sets}{chapter.39}% 363
\BOOKMARK [1][-]{section.39.23}{1-Cohomology}{chapter.39}% 364
\BOOKMARK [1][-]{section.39.24}{Schur Covers and Multipliers}{chapter.39}% 365
\BOOKMARK [1][-]{section.39.25}{Tests for the Availability of Methods}{chapter.39}% 366
\BOOKMARK [0][-]{chapter.40}{Group Homomorphisms}{}% 367
\BOOKMARK [1][-]{section.40.1}{Creating Group Homomorphisms}{chapter.40}% 368
\BOOKMARK [1][-]{section.40.2}{Operations for Group Homomorphisms}{chapter.40}% 369
\BOOKMARK [1][-]{section.40.3}{Efficiency of Homomorphisms}{chapter.40}% 370
\BOOKMARK [1][-]{section.40.4}{Homomorphism for very large groups}{chapter.40}% 371
\BOOKMARK [1][-]{section.40.5}{Nice Monomorphisms}{chapter.40}% 372
\BOOKMARK [1][-]{section.40.6}{Group Automorphisms}{chapter.40}% 373
\BOOKMARK [1][-]{section.40.7}{Groups of Automorphisms}{chapter.40}% 374
\BOOKMARK [1][-]{section.40.8}{Calculating with Group Automorphisms}{chapter.40}% 375
\BOOKMARK [1][-]{section.40.9}{Searching for Homomorphisms}{chapter.40}% 376
\BOOKMARK [1][-]{section.40.10}{Representations for Group Homomorphisms}{chapter.40}% 377
\BOOKMARK [0][-]{chapter.41}{Group Actions}{}% 378
\BOOKMARK [1][-]{section.41.1}{About Group Actions}{chapter.41}% 379
\BOOKMARK [1][-]{section.41.2}{Basic Actions}{chapter.41}% 380
\BOOKMARK [1][-]{section.41.3}{Action on canonical representatives}{chapter.41}% 381
\BOOKMARK [1][-]{section.41.4}{Orbits}{chapter.41}% 382
\BOOKMARK [1][-]{section.41.5}{Stabilizers}{chapter.41}% 383
\BOOKMARK [1][-]{section.41.6}{Elements with Prescribed Images}{chapter.41}% 384
\BOOKMARK [1][-]{section.41.7}{The Permutation Image of an Action}{chapter.41}% 385
\BOOKMARK [1][-]{section.41.8}{Action of a group on itself}{chapter.41}% 386
\BOOKMARK [1][-]{section.41.9}{Permutations Induced by Elements and Cycles}{chapter.41}% 387
\BOOKMARK [1][-]{section.41.10}{Tests for Actions}{chapter.41}% 388
\BOOKMARK [1][-]{section.41.11}{Block Systems}{chapter.41}% 389
\BOOKMARK [1][-]{section.41.12}{External Sets}{chapter.41}% 390
\BOOKMARK [0][-]{chapter.42}{Permutations}{}% 391
\BOOKMARK [1][-]{section.42.1}{IsPerm \(Filter\)}{chapter.42}% 392
\BOOKMARK [1][-]{section.42.2}{Comparison of Permutations}{chapter.42}% 393
\BOOKMARK [1][-]{section.42.3}{Moved Points of Permutations}{chapter.42}% 394
\BOOKMARK [1][-]{section.42.4}{Sign and Cycle Structure}{chapter.42}% 395
\BOOKMARK [1][-]{section.42.5}{Creating Permutations}{chapter.42}% 396
\BOOKMARK [0][-]{chapter.43}{Permutation Groups}{}% 397
\BOOKMARK [1][-]{section.43.1}{IsPermGroup \(Filter\)}{chapter.43}% 398
\BOOKMARK [1][-]{section.43.2}{The Natural Action}{chapter.43}% 399
\BOOKMARK [1][-]{section.43.3}{Computing a Permutation Representation}{chapter.43}% 400
\BOOKMARK [1][-]{section.43.4}{Symmetric and Alternating Groups}{chapter.43}% 401
\BOOKMARK [1][-]{section.43.5}{Primitive Groups}{chapter.43}% 402
\BOOKMARK [1][-]{section.43.6}{Stabilizer Chains}{chapter.43}% 403
\BOOKMARK [1][-]{section.43.7}{Randomized Methods for Permutation Groups}{chapter.43}% 404
\BOOKMARK [1][-]{section.43.8}{Construction of Stabilizer Chains}{chapter.43}% 405
\BOOKMARK [1][-]{section.43.9}{Stabilizer Chain Records}{chapter.43}% 406
\BOOKMARK [1][-]{section.43.10}{Operations for Stabilizer Chains}{chapter.43}% 407
\BOOKMARK [1][-]{section.43.11}{Low Level Routines to Modify and Create Stabilizer Chains}{chapter.43}% 408
\BOOKMARK [1][-]{section.43.12}{Backtrack}{chapter.43}% 409
\BOOKMARK [1][-]{section.43.13}{Working with large degree permutation groups}{chapter.43}% 410
\BOOKMARK [0][-]{chapter.44}{Matrix Groups}{}% 411
\BOOKMARK [1][-]{section.44.1}{IsMatrixGroup \(Filter\)}{chapter.44}% 412
\BOOKMARK [1][-]{section.44.2}{Attributes and Properties for Matrix Groups}{chapter.44}% 413
\BOOKMARK [1][-]{section.44.3}{Actions of Matrix Groups}{chapter.44}% 414
\BOOKMARK [1][-]{section.44.4}{GL and SL}{chapter.44}% 415
\BOOKMARK [1][-]{section.44.5}{Invariant Forms}{chapter.44}% 416
\BOOKMARK [1][-]{section.44.6}{Matrix Groups in Characteristic 0}{chapter.44}% 417
\BOOKMARK [1][-]{section.44.7}{Acting OnRight and OnLeft}{chapter.44}% 418
\BOOKMARK [0][-]{chapter.45}{Polycyclic Groups}{}% 419
\BOOKMARK [1][-]{section.45.1}{Polycyclic Generating Systems}{chapter.45}% 420
\BOOKMARK [1][-]{section.45.2}{Computing a Pcgs}{chapter.45}% 421
\BOOKMARK [1][-]{section.45.3}{Defining a Pcgs Yourself}{chapter.45}% 422
\BOOKMARK [1][-]{section.45.4}{Elementary Operations for a Pcgs}{chapter.45}% 423
\BOOKMARK [1][-]{section.45.5}{Elementary Operations for a Pcgs and an Element}{chapter.45}% 424
\BOOKMARK [1][-]{section.45.6}{Exponents of Special Products}{chapter.45}% 425
\BOOKMARK [1][-]{section.45.7}{Subgroups of Polycyclic Groups - Induced Pcgs}{chapter.45}% 426
\BOOKMARK [1][-]{section.45.8}{Subgroups of Polycyclic Groups \205 Canonical Pcgs}{chapter.45}% 427
\BOOKMARK [1][-]{section.45.9}{Factor Groups of Polycyclic Groups \205 Modulo Pcgs}{chapter.45}% 428
\BOOKMARK [1][-]{section.45.10}{Factor Groups of Polycyclic Groups in their Own Representation}{chapter.45}% 429
\BOOKMARK [1][-]{section.45.11}{Pcgs and Normal Series}{chapter.45}% 430
\BOOKMARK [1][-]{section.45.12}{Sum and Intersection of Pcgs}{chapter.45}% 431
\BOOKMARK [1][-]{section.45.13}{Special Pcgs}{chapter.45}% 432
\BOOKMARK [1][-]{section.45.14}{Action on Subfactors Defined by a Pcgs}{chapter.45}% 433
\BOOKMARK [1][-]{section.45.15}{Orbit Stabilizer Methods for Polycyclic Groups}{chapter.45}% 434
\BOOKMARK [1][-]{section.45.16}{Operations which have Special Methods for Groups with Pcgs}{chapter.45}% 435
\BOOKMARK [1][-]{section.45.17}{Conjugacy Classes in Solvable Groups}{chapter.45}% 436
\BOOKMARK [0][-]{chapter.46}{Pc Groups}{}% 437
\BOOKMARK [1][-]{section.46.1}{The family pcgs}{chapter.46}% 438
\BOOKMARK [1][-]{section.46.2}{Elements of pc groups}{chapter.46}% 439
\BOOKMARK [1][-]{section.46.3}{Pc groups versus fp groups}{chapter.46}% 440
\BOOKMARK [1][-]{section.46.4}{Constructing Pc Groups}{chapter.46}% 441
\BOOKMARK [1][-]{section.46.5}{Computing Pc Groups}{chapter.46}% 442
\BOOKMARK [1][-]{section.46.6}{Saving a Pc Group}{chapter.46}% 443
\BOOKMARK [1][-]{section.46.7}{Operations for Pc Groups}{chapter.46}% 444
\BOOKMARK [1][-]{section.46.8}{2-Cohomology and Extensions}{chapter.46}% 445
\BOOKMARK [1][-]{section.46.9}{Coding a Pc Presentation}{chapter.46}% 446
\BOOKMARK [1][-]{section.46.10}{Random Isomorphism Testing}{chapter.46}% 447
\BOOKMARK [0][-]{chapter.47}{Finitely Presented Groups}{}% 448
\BOOKMARK [1][-]{section.47.1}{IsSubgroupFpGroup and IsFpGroup}{chapter.47}% 449
\BOOKMARK [1][-]{section.47.2}{Creating Finitely Presented Groups}{chapter.47}% 450
\BOOKMARK [1][-]{section.47.3}{Comparison of Elements of Finitely Presented Groups}{chapter.47}% 451
\BOOKMARK [1][-]{section.47.4}{Preimages in the Free Group}{chapter.47}% 452
\BOOKMARK [1][-]{section.47.5}{Operations for Finitely Presented Groups}{chapter.47}% 453
\BOOKMARK [1][-]{section.47.6}{Coset Tables and Coset Enumeration}{chapter.47}% 454
\BOOKMARK [1][-]{section.47.7}{Standardization of coset tables}{chapter.47}% 455
\BOOKMARK [1][-]{section.47.8}{Coset tables for subgroups in the whole group}{chapter.47}% 456
\BOOKMARK [1][-]{section.47.9}{Augmented Coset Tables and Rewriting}{chapter.47}% 457
\BOOKMARK [1][-]{section.47.10}{Low Index Subgroups}{chapter.47}% 458
\BOOKMARK [1][-]{section.47.11}{Converting Groups to Finitely Presented Groups}{chapter.47}% 459
\BOOKMARK [1][-]{section.47.12}{New Presentations and Presentations for Subgroups}{chapter.47}% 460
\BOOKMARK [1][-]{section.47.13}{Preimages under Homomorphisms from an FpGroup}{chapter.47}% 461
\BOOKMARK [1][-]{section.47.14}{Quotient Methods}{chapter.47}% 462
\BOOKMARK [1][-]{section.47.15}{Abelian Invariants for Subgroups}{chapter.47}% 463
\BOOKMARK [1][-]{section.47.16}{Testing Finiteness of Finitely Presented Groups}{chapter.47}% 464
\BOOKMARK [0][-]{chapter.48}{Presentations and Tietze Transformations}{}% 465
\BOOKMARK [1][-]{section.48.1}{Creating Presentations}{chapter.48}% 466
\BOOKMARK [1][-]{section.48.2}{Subgroup Presentations}{chapter.48}% 467
\BOOKMARK [1][-]{section.48.3}{Relators in a Presentation}{chapter.48}% 468
\BOOKMARK [1][-]{section.48.4}{Printing Presentations}{chapter.48}% 469
\BOOKMARK [1][-]{section.48.5}{Changing Presentations}{chapter.48}% 470
\BOOKMARK [1][-]{section.48.6}{Tietze Transformations}{chapter.48}% 471
\BOOKMARK [1][-]{section.48.7}{Elementary Tietze Transformations}{chapter.48}% 472
\BOOKMARK [1][-]{section.48.8}{Tietze Transformations that introduce new Generators}{chapter.48}% 473
\BOOKMARK [1][-]{section.48.9}{Tracing generator images through Tietze transformations}{chapter.48}% 474
\BOOKMARK [1][-]{section.48.10}{The Decoding Tree Procedure}{chapter.48}% 475
\BOOKMARK [1][-]{section.48.11}{Tietze Options}{chapter.48}% 476
\BOOKMARK [0][-]{chapter.49}{Group Products}{}% 477
\BOOKMARK [1][-]{section.49.1}{Direct Products}{chapter.49}% 478
\BOOKMARK [1][-]{section.49.2}{Semidirect Products}{chapter.49}% 479
\BOOKMARK [1][-]{section.49.3}{Subdirect Products}{chapter.49}% 480
\BOOKMARK [1][-]{section.49.4}{Wreath Products}{chapter.49}% 481
\BOOKMARK [1][-]{section.49.5}{Free Products}{chapter.49}% 482
\BOOKMARK [1][-]{section.49.6}{Embeddings and Projections for Group Products}{chapter.49}% 483
\BOOKMARK [0][-]{chapter.50}{Group Libraries}{}% 484
\BOOKMARK [1][-]{section.50.1}{Basic Groups}{chapter.50}% 485
\BOOKMARK [1][-]{section.50.2}{Classical Groups}{chapter.50}% 486
\BOOKMARK [1][-]{section.50.3}{Conjugacy Classes in Classical Groups}{chapter.50}% 487
\BOOKMARK [1][-]{section.50.4}{Constructors for Basic Groups}{chapter.50}% 488
\BOOKMARK [1][-]{section.50.5}{Selection Functions}{chapter.50}% 489
\BOOKMARK [1][-]{section.50.6}{Transitive Permutation Groups}{chapter.50}% 490
\BOOKMARK [1][-]{section.50.7}{Small Groups}{chapter.50}% 491
\BOOKMARK [1][-]{section.50.8}{Finite Perfect Groups}{chapter.50}% 492
\BOOKMARK [1][-]{section.50.9}{Primitive Permutation Groups}{chapter.50}% 493
\BOOKMARK [1][-]{section.50.10}{Index numbers of primitive groups}{chapter.50}% 494
\BOOKMARK [1][-]{section.50.11}{Irreducible Solvable Matrix Groups}{chapter.50}% 495
\BOOKMARK [1][-]{section.50.12}{Irreducible Maximal Finite Integral Matrix Groups}{chapter.50}% 496
\BOOKMARK [0][-]{chapter.51}{Semigroups and Monoids}{}% 497
\BOOKMARK [1][-]{section.51.1}{Semigroups}{chapter.51}% 498
\BOOKMARK [1][-]{section.51.2}{Monoids}{chapter.51}% 499
\BOOKMARK [1][-]{section.51.3}{Inverse semigroups and monoids}{chapter.51}% 500
\BOOKMARK [1][-]{section.51.4}{Properties of Semigroups}{chapter.51}% 501
\BOOKMARK [1][-]{section.51.5}{Ideals of semigroups}{chapter.51}% 502
\BOOKMARK [1][-]{section.51.6}{Congruences for semigroups}{chapter.51}% 503
\BOOKMARK [1][-]{section.51.7}{Quotients}{chapter.51}% 504
\BOOKMARK [1][-]{section.51.8}{Green's Relations}{chapter.51}% 505
\BOOKMARK [1][-]{section.51.9}{Rees Matrix Semigroups}{chapter.51}% 506
\BOOKMARK [0][-]{chapter.52}{Finitely Presented Semigroups and Monoids}{}% 507
\BOOKMARK [1][-]{section.52.1}{IsSubsemigroupFpSemigroup \(Filter\)}{chapter.52}% 508
\BOOKMARK [1][-]{section.52.2}{Creating Finitely Presented Semigroups}{chapter.52}% 509
\BOOKMARK [1][-]{section.52.3}{Comparison of Elements of Finitely Presented Semigroups}{chapter.52}% 510
\BOOKMARK [1][-]{section.52.4}{Preimages in the Free Semigroup}{chapter.52}% 511
\BOOKMARK [1][-]{section.52.5}{Finitely presented monoids}{chapter.52}% 512
\BOOKMARK [1][-]{section.52.6}{Rewriting Systems and the Knuth-Bendix Procedure}{chapter.52}% 513
\BOOKMARK [1][-]{section.52.7}{Todd-Coxeter Procedure}{chapter.52}% 514
\BOOKMARK [0][-]{chapter.53}{Transformations}{}% 515
\BOOKMARK [1][-]{section.53.1}{The family and categories of transformations}{chapter.53}% 516
\BOOKMARK [1][-]{section.53.2}{Creating transformations}{chapter.53}% 517
\BOOKMARK [1][-]{section.53.3}{Changing the representation of a transformation}{chapter.53}% 518
\BOOKMARK [1][-]{section.53.4}{Operators for transformations}{chapter.53}% 519
\BOOKMARK [1][-]{section.53.5}{Attributes for transformations}{chapter.53}% 520
\BOOKMARK [1][-]{section.53.6}{Displaying transformations}{chapter.53}% 521
\BOOKMARK [1][-]{section.53.7}{Semigroups of transformations}{chapter.53}% 522
\BOOKMARK [0][-]{chapter.54}{Partial permutations}{}% 523
\BOOKMARK [1][-]{section.54.1}{The family and categories of partial permutations}{chapter.54}% 524
\BOOKMARK [1][-]{section.54.2}{Creating partial permutations}{chapter.54}% 525
\BOOKMARK [1][-]{section.54.3}{Attributes for partial permutations}{chapter.54}% 526
\BOOKMARK [1][-]{section.54.4}{Changing the representation of a partial permutation}{chapter.54}% 527
\BOOKMARK [1][-]{section.54.5}{Operators and operations for partial permutations}{chapter.54}% 528
\BOOKMARK [1][-]{section.54.6}{Displaying partial permutations}{chapter.54}% 529
\BOOKMARK [1][-]{section.54.7}{Semigroups and inverse semigroups of partial permutations}{chapter.54}% 530
\BOOKMARK [0][-]{chapter.55}{Additive Magmas}{}% 531
\BOOKMARK [1][-]{section.55.1}{\(Near-\)Additive Magma Categories}{chapter.55}% 532
\BOOKMARK [1][-]{section.55.2}{\(Near-\)Additive Magma Generation}{chapter.55}% 533
\BOOKMARK [1][-]{section.55.3}{Attributes and Properties for \(Near-\)Additive Magmas}{chapter.55}% 534
\BOOKMARK [1][-]{section.55.4}{Operations for \(Near-\)Additive Magmas}{chapter.55}% 535
\BOOKMARK [0][-]{chapter.56}{Rings}{}% 536
\BOOKMARK [1][-]{section.56.1}{Generating Rings}{chapter.56}% 537
\BOOKMARK [1][-]{section.56.2}{Ideals of Rings}{chapter.56}% 538
\BOOKMARK [1][-]{section.56.3}{Rings With One}{chapter.56}% 539
\BOOKMARK [1][-]{section.56.4}{Properties of Rings}{chapter.56}% 540
\BOOKMARK [1][-]{section.56.5}{Units and Factorizations}{chapter.56}% 541
\BOOKMARK [1][-]{section.56.6}{Euclidean Rings}{chapter.56}% 542
\BOOKMARK [1][-]{section.56.7}{Gcd and Lcm}{chapter.56}% 543
\BOOKMARK [1][-]{section.56.8}{Homomorphisms of Rings}{chapter.56}% 544
\BOOKMARK [1][-]{section.56.9}{Small Rings}{chapter.56}% 545
\BOOKMARK [0][-]{chapter.57}{Modules}{}% 546
\BOOKMARK [1][-]{section.57.1}{Generating modules}{chapter.57}% 547
\BOOKMARK [1][-]{section.57.2}{Submodules}{chapter.57}% 548
\BOOKMARK [1][-]{section.57.3}{Free Modules}{chapter.57}% 549
\BOOKMARK [0][-]{chapter.58}{Fields and Division Rings}{}% 550
\BOOKMARK [1][-]{section.58.1}{Generating Fields}{chapter.58}% 551
\BOOKMARK [1][-]{section.58.2}{Subfields of Fields}{chapter.58}% 552
\BOOKMARK [1][-]{section.58.3}{Galois Action}{chapter.58}% 553
\BOOKMARK [0][-]{chapter.59}{Finite Fields}{}% 554
\BOOKMARK [1][-]{section.59.1}{Finite Field Elements}{chapter.59}% 555
\BOOKMARK [1][-]{section.59.2}{Operations for Finite Field Elements}{chapter.59}% 556
\BOOKMARK [1][-]{section.59.3}{Creating Finite Fields}{chapter.59}% 557
\BOOKMARK [1][-]{section.59.4}{Frobenius Automorphisms}{chapter.59}% 558
\BOOKMARK [1][-]{section.59.5}{Conway Polynomials}{chapter.59}% 559
\BOOKMARK [1][-]{section.59.6}{Printing, Viewing and Displaying Finite Field Elements}{chapter.59}% 560
\BOOKMARK [0][-]{chapter.60}{Abelian Number Fields}{}% 561
\BOOKMARK [1][-]{section.60.1}{Construction of Abelian Number Fields}{chapter.60}% 562
\BOOKMARK [1][-]{section.60.2}{Operations for Abelian Number Fields}{chapter.60}% 563
\BOOKMARK [1][-]{section.60.3}{Integral Bases of Abelian Number Fields}{chapter.60}% 564
\BOOKMARK [1][-]{section.60.4}{Galois Groups of Abelian Number Fields}{chapter.60}% 565
\BOOKMARK [1][-]{section.60.5}{Gaussians}{chapter.60}% 566
\BOOKMARK [0][-]{chapter.61}{Vector Spaces}{}% 567
\BOOKMARK [1][-]{section.61.1}{IsLeftVectorSpace \(Filter\)}{chapter.61}% 568
\BOOKMARK [1][-]{section.61.2}{Constructing Vector Spaces}{chapter.61}% 569
\BOOKMARK [1][-]{section.61.3}{Operations and Attributes for Vector Spaces}{chapter.61}% 570
\BOOKMARK [1][-]{section.61.4}{Domains of Subspaces of Vector Spaces}{chapter.61}% 571
\BOOKMARK [1][-]{section.61.5}{Bases of Vector Spaces}{chapter.61}% 572
\BOOKMARK [1][-]{section.61.6}{Operations for Vector Space Bases}{chapter.61}% 573
\BOOKMARK [1][-]{section.61.7}{Operations for Special Kinds of Bases}{chapter.61}% 574
\BOOKMARK [1][-]{section.61.8}{Mutable Bases}{chapter.61}% 575
\BOOKMARK [1][-]{section.61.9}{Row and Matrix Spaces}{chapter.61}% 576
\BOOKMARK [1][-]{section.61.10}{Vector Space Homomorphisms}{chapter.61}% 577
\BOOKMARK [1][-]{section.61.11}{Vector Spaces Handled By Nice Bases}{chapter.61}% 578
\BOOKMARK [1][-]{section.61.12}{How to Implement New Kinds of Vector Spaces}{chapter.61}% 579
\BOOKMARK [0][-]{chapter.62}{Algebras}{}% 580
\BOOKMARK [1][-]{section.62.1}{InfoAlgebra \(Info Class\)}{chapter.62}% 581
\BOOKMARK [1][-]{section.62.2}{Constructing Algebras by Generators}{chapter.62}% 582
\BOOKMARK [1][-]{section.62.3}{Constructing Algebras as Free Algebras}{chapter.62}% 583
\BOOKMARK [1][-]{section.62.4}{Constructing Algebras by Structure Constants}{chapter.62}% 584
\BOOKMARK [1][-]{section.62.5}{Some Special Algebras}{chapter.62}% 585
\BOOKMARK [1][-]{section.62.6}{Subalgebras}{chapter.62}% 586
\BOOKMARK [1][-]{section.62.7}{Ideals of Algebras}{chapter.62}% 587
\BOOKMARK [1][-]{section.62.8}{Categories and Properties of Algebras}{chapter.62}% 588
\BOOKMARK [1][-]{section.62.9}{Attributes and Operations for Algebras}{chapter.62}% 589
\BOOKMARK [1][-]{section.62.10}{Homomorphisms of Algebras}{chapter.62}% 590
\BOOKMARK [1][-]{section.62.11}{Representations of Algebras}{chapter.62}% 591
\BOOKMARK [0][-]{chapter.63}{Finitely Presented Algebras}{}% 592
\BOOKMARK [0][-]{chapter.64}{Lie Algebras}{}% 593
\BOOKMARK [1][-]{section.64.1}{Lie Objects}{chapter.64}% 594
\BOOKMARK [1][-]{section.64.2}{Constructing Lie algebras}{chapter.64}% 595
\BOOKMARK [1][-]{section.64.3}{Distinguished Subalgebras}{chapter.64}% 596
\BOOKMARK [1][-]{section.64.4}{Series of Ideals}{chapter.64}% 597
\BOOKMARK [1][-]{section.64.5}{Properties of a Lie Algebra}{chapter.64}% 598
\BOOKMARK [1][-]{section.64.6}{Semisimple Lie Algebras and Root Systems}{chapter.64}% 599
\BOOKMARK [1][-]{section.64.7}{Semisimple Lie Algebras and Weyl Groups of Root Systems}{chapter.64}% 600
\BOOKMARK [1][-]{section.64.8}{Restricted Lie algebras}{chapter.64}% 601
\BOOKMARK [1][-]{section.64.9}{The Adjoint Representation}{chapter.64}% 602
\BOOKMARK [1][-]{section.64.10}{Universal Enveloping Algebras}{chapter.64}% 603
\BOOKMARK [1][-]{section.64.11}{Finitely Presented Lie Algebras}{chapter.64}% 604
\BOOKMARK [1][-]{section.64.12}{Modules over Lie Algebras and Their Cohomology}{chapter.64}% 605
\BOOKMARK [1][-]{section.64.13}{Modules over Semisimple Lie Algebras}{chapter.64}% 606
\BOOKMARK [1][-]{section.64.14}{Admissible Lattices in UEA}{chapter.64}% 607
\BOOKMARK [1][-]{section.64.15}{Tensor Products and Exterior and Symmetric Powers}{chapter.64}% 608
\BOOKMARK [0][-]{chapter.65}{Magma Rings}{}% 609
\BOOKMARK [1][-]{section.65.1}{Free Magma Rings}{chapter.65}% 610
\BOOKMARK [1][-]{section.65.2}{Elements of Free Magma Rings}{chapter.65}% 611
\BOOKMARK [1][-]{section.65.3}{Natural Embeddings related to Magma Rings}{chapter.65}% 612
\BOOKMARK [1][-]{section.65.4}{Magma Rings modulo Relations}{chapter.65}% 613
\BOOKMARK [1][-]{section.65.5}{Magma Rings modulo the Span of a Zero Element}{chapter.65}% 614
\BOOKMARK [1][-]{section.65.6}{Technical Details about the Implementation of Magma Rings}{chapter.65}% 615
\BOOKMARK [0][-]{chapter.66}{Polynomials and Rational Functions}{}% 616
\BOOKMARK [1][-]{section.66.1}{Indeterminates}{chapter.66}% 617
\BOOKMARK [1][-]{section.66.2}{Operations for Rational Functions}{chapter.66}% 618
\BOOKMARK [1][-]{section.66.3}{Comparison of Rational Functions}{chapter.66}% 619
\BOOKMARK [1][-]{section.66.4}{Properties and Attributes of Rational Functions}{chapter.66}% 620
\BOOKMARK [1][-]{section.66.5}{Univariate Polynomials}{chapter.66}% 621
\BOOKMARK [1][-]{section.66.6}{Polynomials as Univariate Polynomials in one Indeterminate}{chapter.66}% 622
\BOOKMARK [1][-]{section.66.7}{Multivariate Polynomials}{chapter.66}% 623
\BOOKMARK [1][-]{section.66.8}{Minimal Polynomials}{chapter.66}% 624
\BOOKMARK [1][-]{section.66.9}{Cyclotomic Polynomials}{chapter.66}% 625
\BOOKMARK [1][-]{section.66.10}{Polynomial Factorization}{chapter.66}% 626
\BOOKMARK [1][-]{section.66.11}{Polynomials over the Rationals}{chapter.66}% 627
\BOOKMARK [1][-]{section.66.12}{Factorization of Polynomials over the Rationals}{chapter.66}% 628
\BOOKMARK [1][-]{section.66.13}{Laurent Polynomials}{chapter.66}% 629
\BOOKMARK [1][-]{section.66.14}{Univariate Rational Functions}{chapter.66}% 630
\BOOKMARK [1][-]{section.66.15}{Polynomial Rings and Function Fields}{chapter.66}% 631
\BOOKMARK [1][-]{section.66.16}{Univariate Polynomial Rings}{chapter.66}% 632
\BOOKMARK [1][-]{section.66.17}{Monomial Orderings}{chapter.66}% 633
\BOOKMARK [1][-]{section.66.18}{Groebner Bases}{chapter.66}% 634
\BOOKMARK [1][-]{section.66.19}{Rational Function Families}{chapter.66}% 635
\BOOKMARK [1][-]{section.66.20}{The Representations of Rational Functions}{chapter.66}% 636
\BOOKMARK [1][-]{section.66.21}{The Defining Attributes of Rational Functions}{chapter.66}% 637
\BOOKMARK [1][-]{section.66.22}{Creation of Rational Functions}{chapter.66}% 638
\BOOKMARK [1][-]{section.66.23}{Arithmetic for External Representations of Polynomials}{chapter.66}% 639
\BOOKMARK [1][-]{section.66.24}{Cancellation Tests for Rational Functions}{chapter.66}% 640
\BOOKMARK [0][-]{chapter.67}{Algebraic extensions of fields}{}% 641
\BOOKMARK [1][-]{section.67.1}{Creation of Algebraic Extensions}{chapter.67}% 642
\BOOKMARK [1][-]{section.67.2}{Elements in Algebraic Extensions}{chapter.67}% 643
\BOOKMARK [0][-]{chapter.68}{p-adic Numbers \(preliminary\)}{}% 644
\BOOKMARK [1][-]{section.68.1}{Pure p-adic Numbers}{chapter.68}% 645
\BOOKMARK [1][-]{section.68.2}{Extensions of the p-adic Numbers}{chapter.68}% 646
\BOOKMARK [0][-]{chapter.69}{The MeatAxe}{}% 647
\BOOKMARK [1][-]{section.69.1}{MeatAxe Modules}{chapter.69}% 648
\BOOKMARK [1][-]{section.69.2}{Module Constructions}{chapter.69}% 649
\BOOKMARK [1][-]{section.69.3}{Selecting a Different MeatAxe}{chapter.69}% 650
\BOOKMARK [1][-]{section.69.4}{Accessing a Module}{chapter.69}% 651
\BOOKMARK [1][-]{section.69.5}{Irreducibility Tests}{chapter.69}% 652
\BOOKMARK [1][-]{section.69.6}{Decomposition of modules}{chapter.69}% 653
\BOOKMARK [1][-]{section.69.7}{Finding Submodules}{chapter.69}% 654
\BOOKMARK [1][-]{section.69.8}{Induced Actions}{chapter.69}% 655
\BOOKMARK [1][-]{section.69.9}{Module Homomorphisms}{chapter.69}% 656
\BOOKMARK [1][-]{section.69.10}{Module Homomorphisms for irreducible modules}{chapter.69}% 657
\BOOKMARK [1][-]{section.69.11}{MeatAxe Functionality for Invariant Forms}{chapter.69}% 658
\BOOKMARK [1][-]{section.69.12}{The Smash MeatAxe}{chapter.69}% 659
\BOOKMARK [1][-]{section.69.13}{Smash MeatAxe Flags}{chapter.69}% 660
\BOOKMARK [0][-]{chapter.70}{Tables of Marks}{}% 661
\BOOKMARK [1][-]{section.70.1}{More about Tables of Marks}{chapter.70}% 662
\BOOKMARK [1][-]{section.70.2}{Table of Marks Objects in GAP}{chapter.70}% 663
\BOOKMARK [1][-]{section.70.3}{Constructing Tables of Marks}{chapter.70}% 664
\BOOKMARK [1][-]{section.70.4}{Printing Tables of Marks}{chapter.70}% 665
\BOOKMARK [1][-]{section.70.5}{Sorting Tables of Marks}{chapter.70}% 666
\BOOKMARK [1][-]{section.70.6}{Technical Details about Tables of Marks}{chapter.70}% 667
\BOOKMARK [1][-]{section.70.7}{Attributes of Tables of Marks}{chapter.70}% 668
\BOOKMARK [1][-]{section.70.8}{Properties of Tables of Marks}{chapter.70}% 669
\BOOKMARK [1][-]{section.70.9}{Other Operations for Tables of Marks}{chapter.70}% 670
\BOOKMARK [1][-]{section.70.10}{Accessing Subgroups via Tables of Marks}{chapter.70}% 671
\BOOKMARK [1][-]{section.70.11}{The Interface between Tables of Marks and Character Tables}{chapter.70}% 672
\BOOKMARK [1][-]{section.70.12}{Generic Construction of Tables of Marks}{chapter.70}% 673
\BOOKMARK [1][-]{section.70.13}{The Library of Tables of Marks}{chapter.70}% 674
\BOOKMARK [0][-]{chapter.71}{Character Tables}{}% 675
\BOOKMARK [1][-]{section.71.1}{Some Remarks about Character Theory in GAP}{chapter.71}% 676
\BOOKMARK [1][-]{section.71.2}{History of Character Theory Stuff in GAP}{chapter.71}% 677
\BOOKMARK [1][-]{section.71.3}{Creating Character Tables}{chapter.71}% 678
\BOOKMARK [1][-]{section.71.4}{Character Table Categories}{chapter.71}% 679
\BOOKMARK [1][-]{section.71.5}{Conventions for Character Tables}{chapter.71}% 680
\BOOKMARK [1][-]{section.71.6}{The Interface between Character Tables and Groups}{chapter.71}% 681
\BOOKMARK [1][-]{section.71.7}{Operators for Character Tables}{chapter.71}% 682
\BOOKMARK [1][-]{section.71.8}{Attributes and Properties for Groups and Character Tables}{chapter.71}% 683
\BOOKMARK [1][-]{section.71.9}{Attributes and Properties only for Character Tables}{chapter.71}% 684
\BOOKMARK [1][-]{section.71.10}{Normal Subgroups Represented by Lists of Class Positions}{chapter.71}% 685
\BOOKMARK [1][-]{section.71.11}{Operations Concerning Blocks}{chapter.71}% 686
\BOOKMARK [1][-]{section.71.12}{Other Operations for Character Tables}{chapter.71}% 687
\BOOKMARK [1][-]{section.71.13}{Printing Character Tables}{chapter.71}% 688
\BOOKMARK [1][-]{section.71.14}{Computing the Irreducible Characters of a Group}{chapter.71}% 689
\BOOKMARK [1][-]{section.71.15}{Representations Given by Modules}{chapter.71}% 690
\BOOKMARK [1][-]{section.71.16}{The Dixon-Schneider Algorithm}{chapter.71}% 691
\BOOKMARK [1][-]{section.71.17}{Advanced Methods for Dixon-Schneider Calculations}{chapter.71}% 692
\BOOKMARK [1][-]{section.71.18}{Components of a Dixon Record}{chapter.71}% 693
\BOOKMARK [1][-]{section.71.19}{An Example of Advanced Dixon-Schneider Calculations}{chapter.71}% 694
\BOOKMARK [1][-]{section.71.20}{Constructing Character Tables from Others}{chapter.71}% 695
\BOOKMARK [1][-]{section.71.21}{Sorted Character Tables}{chapter.71}% 696
\BOOKMARK [1][-]{section.71.22}{Automorphisms and Equivalence of Character Tables}{chapter.71}% 697
\BOOKMARK [1][-]{section.71.23}{Storing Normal Subgroup Information}{chapter.71}% 698
\BOOKMARK [0][-]{chapter.72}{Class Functions}{}% 699
\BOOKMARK [1][-]{section.72.1}{Why Class Functions?}{chapter.72}% 700
\BOOKMARK [1][-]{section.72.2}{Basic Operations for Class Functions}{chapter.72}% 701
\BOOKMARK [1][-]{section.72.3}{Comparison of Class Functions}{chapter.72}% 702
\BOOKMARK [1][-]{section.72.4}{Arithmetic Operations for Class Functions}{chapter.72}% 703
\BOOKMARK [1][-]{section.72.5}{Printing Class Functions}{chapter.72}% 704
\BOOKMARK [1][-]{section.72.6}{Creating Class Functions from Values Lists}{chapter.72}% 705
\BOOKMARK [1][-]{section.72.7}{Creating Class Functions using Groups}{chapter.72}% 706
\BOOKMARK [1][-]{section.72.8}{Operations for Class Functions}{chapter.72}% 707
\BOOKMARK [1][-]{section.72.9}{Restricted and Induced Class Functions}{chapter.72}% 708
\BOOKMARK [1][-]{section.72.10}{Reducing Virtual Characters}{chapter.72}% 709
\BOOKMARK [1][-]{section.72.11}{Symmetrizations of Class Functions}{chapter.72}% 710
\BOOKMARK [1][-]{section.72.12}{Molien Series}{chapter.72}% 711
\BOOKMARK [1][-]{section.72.13}{Possible Permutation Characters}{chapter.72}% 712
\BOOKMARK [1][-]{section.72.14}{Computing Possible Permutation Characters}{chapter.72}% 713
\BOOKMARK [1][-]{section.72.15}{Operations for Brauer Characters}{chapter.72}% 714
\BOOKMARK [1][-]{section.72.16}{Domains Generated by Class Functions}{chapter.72}% 715
\BOOKMARK [0][-]{chapter.73}{Maps Concerning Character Tables}{}% 716
\BOOKMARK [1][-]{section.73.1}{Power Maps}{chapter.73}% 717
\BOOKMARK [1][-]{section.73.2}{Orbits on Sets of Possible Power Maps}{chapter.73}% 718
\BOOKMARK [1][-]{section.73.3}{Class Fusions between Character Tables}{chapter.73}% 719
\BOOKMARK [1][-]{section.73.4}{Orbits on Sets of Possible Class Fusions}{chapter.73}% 720
\BOOKMARK [1][-]{section.73.5}{Parametrized Maps}{chapter.73}% 721
\BOOKMARK [1][-]{section.73.6}{Subroutines for the Construction of Power Maps}{chapter.73}% 722
\BOOKMARK [1][-]{section.73.7}{Subroutines for the Construction of Class Fusions}{chapter.73}% 723
\BOOKMARK [0][-]{chapter.74}{Unknowns}{}% 724
\BOOKMARK [1][-]{section.74.1}{More about Unknowns}{chapter.74}% 725
\BOOKMARK [0][-]{chapter.75}{Monomiality Questions}{}% 726
\BOOKMARK [1][-]{section.75.1}{InfoMonomial \(Info Class\)}{chapter.75}% 727
\BOOKMARK [1][-]{section.75.2}{Character Degrees and Derived Length}{chapter.75}% 728
\BOOKMARK [1][-]{section.75.3}{Primitivity of Characters}{chapter.75}% 729
\BOOKMARK [1][-]{section.75.4}{Testing Monomiality}{chapter.75}% 730
\BOOKMARK [1][-]{section.75.5}{Minimal Nonmonomial Groups}{chapter.75}% 731
\BOOKMARK [0][-]{chapter.76}{Using GAP Packages}{}% 732
\BOOKMARK [1][-]{section.76.1}{Installing a GAP Package}{chapter.76}% 733
\BOOKMARK [1][-]{section.76.2}{Loading a GAP Package}{chapter.76}% 734
\BOOKMARK [1][-]{section.76.3}{Functions for GAP Packages}{chapter.76}% 735
\BOOKMARK [0][-]{chapter.77}{Replaced and Removed Command Names}{}% 736
\BOOKMARK [1][-]{section.77.1}{Group Actions \205 Name Changes}{chapter.77}% 737
\BOOKMARK [1][-]{section.77.2}{Package Interface \205 Obsolete Functions and Name Changes}{chapter.77}% 738
\BOOKMARK [1][-]{section.77.3}{Normal Forms of Integer Matrices \205 Name Changes}{chapter.77}% 739
\BOOKMARK [1][-]{section.77.4}{Miscellaneous Name Changes or Removed Names}{chapter.77}% 740
\BOOKMARK [1][-]{section.77.5}{The former .gaprc file}{chapter.77}% 741
\BOOKMARK [1][-]{section.77.6}{Semigroup properties}{chapter.77}% 742
\BOOKMARK [0][-]{chapter.78}{Method Selection}{}% 743
\BOOKMARK [1][-]{section.78.1}{Operations and Methods}{chapter.78}% 744
\BOOKMARK [1][-]{section.78.2}{Method Installation}{chapter.78}% 745
\BOOKMARK [1][-]{section.78.3}{Applicable Methods and Method Selection}{chapter.78}% 746
\BOOKMARK [1][-]{section.78.4}{Partial Methods}{chapter.78}% 747
\BOOKMARK [1][-]{section.78.5}{Redispatching}{chapter.78}% 748
\BOOKMARK [1][-]{section.78.6}{Immediate Methods}{chapter.78}% 749
\BOOKMARK [1][-]{section.78.7}{Logical Implications}{chapter.78}% 750
\BOOKMARK [1][-]{section.78.8}{Operations and Mathematical Terms}{chapter.78}% 751
\BOOKMARK [0][-]{chapter.79}{Creating New Objects}{}% 752
\BOOKMARK [1][-]{section.79.1}{Creating Categories}{chapter.79}% 753
\BOOKMARK [1][-]{section.79.2}{Creating Representations}{chapter.79}% 754
\BOOKMARK [1][-]{section.79.3}{Creating Attributes and Properties}{chapter.79}% 755
\BOOKMARK [1][-]{section.79.4}{Creating Other Filters}{chapter.79}% 756
\BOOKMARK [1][-]{section.79.5}{Creating Operations}{chapter.79}% 757
\BOOKMARK [1][-]{section.79.6}{Creating Constructors}{chapter.79}% 758
\BOOKMARK [1][-]{section.79.7}{Creating Families}{chapter.79}% 759
\BOOKMARK [1][-]{section.79.8}{Creating Types}{chapter.79}% 760
\BOOKMARK [1][-]{section.79.9}{Creating Objects}{chapter.79}% 761
\BOOKMARK [1][-]{section.79.10}{Component Objects}{chapter.79}% 762
\BOOKMARK [1][-]{section.79.11}{Positional Objects}{chapter.79}% 763
\BOOKMARK [1][-]{section.79.12}{Implementing New List Objects}{chapter.79}% 764
\BOOKMARK [1][-]{section.79.13}{Example \205 Constructing Enumerators}{chapter.79}% 765
\BOOKMARK [1][-]{section.79.14}{Example \205 Constructing Iterators}{chapter.79}% 766
\BOOKMARK [1][-]{section.79.15}{Arithmetic Issues in the Implementation of New Kinds of Lists}{chapter.79}% 767
\BOOKMARK [1][-]{section.79.16}{External Representation}{chapter.79}% 768
\BOOKMARK [1][-]{section.79.17}{Mutability and Copying}{chapter.79}% 769
\BOOKMARK [1][-]{section.79.18}{Global Variables in the Library}{chapter.79}% 770
\BOOKMARK [1][-]{section.79.19}{Declaration and Implementation Part}{chapter.79}% 771
\BOOKMARK [0][-]{chapter.80}{Examples of Extending the System}{}% 772
\BOOKMARK [1][-]{section.80.1}{Addition of a Method}{chapter.80}% 773
\BOOKMARK [1][-]{section.80.2}{Extending the Range of Definition of an Existing Operation}{chapter.80}% 774
\BOOKMARK [1][-]{section.80.3}{Enforcing Property Tests}{chapter.80}% 775
\BOOKMARK [1][-]{section.80.4}{Adding a new Operation}{chapter.80}% 776
\BOOKMARK [1][-]{section.80.5}{Adding a new Attribute}{chapter.80}% 777
\BOOKMARK [1][-]{section.80.6}{Adding a new Representation}{chapter.80}% 778
\BOOKMARK [1][-]{section.80.7}{Components versus Attributes}{chapter.80}% 779
\BOOKMARK [1][-]{section.80.8}{Adding new Concepts}{chapter.80}% 780
\BOOKMARK [1][-]{section.80.9}{Creating Own Arithmetic Objects}{chapter.80}% 781
\BOOKMARK [0][-]{chapter.81}{An Example \205 Residue Class Rings}{}% 782
\BOOKMARK [1][-]{section.81.1}{A First Attempt to Implement Elements of Residue Class Rings}{chapter.81}% 783
\BOOKMARK [1][-]{section.81.2}{Why Proceed in a Different Way?}{chapter.81}% 784
\BOOKMARK [1][-]{section.81.3}{A Second Attempt to Implement Elements of Residue Class Rings}{chapter.81}% 785
\BOOKMARK [1][-]{section.81.4}{Compatibility of Residue Class Rings with Prime Fields}{chapter.81}% 786
\BOOKMARK [1][-]{section.81.5}{Further Improvements in Implementing Residue Class Rings}{chapter.81}% 787
\BOOKMARK [0][-]{chapter.82}{An Example \205 Designing Arithmetic Operations}{}% 788
\BOOKMARK [1][-]{section.82.1}{New Arithmetic Operations vs. New Objects}{chapter.82}% 789
\BOOKMARK [1][-]{section.82.2}{Designing new Multiplicative Objects}{chapter.82}% 790
\BOOKMARK [0][-]{chapter.83}{Library Files}{}% 791
\BOOKMARK [1][-]{section.83.1}{File Types}{chapter.83}% 792
\BOOKMARK [1][-]{section.83.2}{Finding Implementations in the Library}{chapter.83}% 793
\BOOKMARK [1][-]{section.83.3}{Undocumented Variables}{chapter.83}% 794
\BOOKMARK [0][-]{chapter.84}{Interface to the GAP Help System}{}% 795
\BOOKMARK [1][-]{section.84.1}{Installing and Removing a Help Book}{chapter.84}% 796
\BOOKMARK [1][-]{section.84.2}{The manual.six File}{chapter.84}% 797
\BOOKMARK [1][-]{section.84.3}{The Help Book Handler}{chapter.84}% 798
\BOOKMARK [1][-]{section.84.4}{Introducing new Viewer for the Online Help}{chapter.84}% 799
\BOOKMARK [0][-]{chapter.85}{Function-Operation-Attribute Triples}{}% 800
\BOOKMARK [1][-]{section.85.1}{Key Dependent Operations}{chapter.85}% 801
\BOOKMARK [1][-]{section.85.2}{In Parent Attributes}{chapter.85}% 802
\BOOKMARK [1][-]{section.85.3}{Operation Functions}{chapter.85}% 803
\BOOKMARK [0][-]{chapter.86}{Weak Pointers}{}% 804
\BOOKMARK [1][-]{section.86.1}{Weak Pointer Objects}{chapter.86}% 805
\BOOKMARK [1][-]{section.86.2}{Low Level Access Functions for Weak Pointer Objects}{chapter.86}% 806
\BOOKMARK [1][-]{section.86.3}{Accessing Weak Pointer Objects as Lists}{chapter.86}% 807
\BOOKMARK [1][-]{section.86.4}{Copying Weak Pointer Objects}{chapter.86}% 808
\BOOKMARK [1][-]{section.86.5}{The GASMAN Interface for Weak Pointer Objects}{chapter.86}% 809
\BOOKMARK [0][-]{chapter.87}{More about Stabilizer Chains}{}% 810
\BOOKMARK [1][-]{section.87.1}{Generalized Conjugation Technique}{chapter.87}% 811
\BOOKMARK [1][-]{section.87.2}{The General Backtrack Algorithm with Ordered Partitions}{chapter.87}% 812
\BOOKMARK [1][-]{section.87.3}{Stabilizer Chains for Automorphisms Acting on Enumerators}{chapter.87}% 813
\BOOKMARK [0][-]{chapter*.3}{References}{}% 814
\BOOKMARK [0][-]{section*.4}{Index}{}% 815
